<?xml version="1.0" encoding="UTF-8"?>
<!-- Generated by org.testng.reporters.JUnitXMLReporter -->
<testsuite ignored="0" hostname="CahayoyoPC" failures="0" tests="11" name="Surefire test" time="56.398" errors="0" timestamp="2026-04-30T10:53:35 WIB">
  <testcase classname="tests.AuthTests" name="TC008_VerifyLoginPage" time="0.708"/>
  <testcase classname="tests.AuthTests" name="TC009_LoginSuccess" time="1.806"/>
  <testcase classname="tests.DropDownTests" name="TC005_OpenCURAHomeViaCURAHealthCareButton" time="0.51"/>
  <testcase classname="tests.DropDownTests" name="TC006_OpenCURAHomeViaHomeButton" time="0.461"/>
  <testcase classname="tests.DropDownTests" name="TC007_OpenLoginViaLoginButton" time="0.64"/>
  <testcase classname="tests.DropDownTests" name="TC023_OpenHistoryViaHistoryButton" time="1.94"/>
  <testcase classname="tests.DropDownTests" name="TC024_OpenProfileViaProfileButton" time="1.896"/>
  <testcase classname="tests.HomeTests" name="TC001_VerifyHomePage" time="0.188"/>
  <testcase classname="tests.HomeTests" name="TC002_OpeningCuraFacebook" time="0.057"/>
  <testcase classname="tests.HomeTests" name="TC003_OpeningCuraTwitter" time="0.059"/>
  <testcase classname="tests.HomeTests" name="TC004_OpeningCuraDribbble" time="0.089"/>
</testsuite> <!-- Surefire test -->
