<?xml version="1.0" encoding="UTF-8"?>
<!-- Generated by org.testng.reporters.JUnitXMLReporter -->
<testsuite ignored="0" hostname="CahayoyoPC" failures="0" tests="5" name="Default test" time="43.243" errors="0" timestamp="2026-04-30T12:46:09 WIB">
  <testcase classname="tests.DropDownTests" name="TC005_OpenCURAHomeViaCURAHealthCareButton" time="0.551"/>
  <testcase classname="tests.DropDownTests" name="TC006_OpenCURAHomeViaHomeButton" time="0.496"/>
  <testcase classname="tests.DropDownTests" name="TC007_OpenLoginViaLoginButton" time="0.862"/>
  <testcase classname="tests.DropDownTests" name="TC023_OpenHistoryViaHistoryButton" time="3.675"/>
  <testcase classname="tests.DropDownTests" name="TC024_OpenProfileViaProfileButton" time="2.568"/>
</testsuite> <!-- Default test -->
