<?xml version="1.0" encoding="UTF-8"?>
<!-- Generated by org.testng.reporters.JUnitXMLReporter -->
<testsuite ignored="0" hostname="CahayoyoPC" failures="0" tests="4" name="HomeTests" time="57.984" errors="0" timestamp="2026-04-29T13:54:39 WIB">
  <testcase classname="tests.HomeTests" name="TC001_VerifyHomePage" time="0.224"/>
  <testcase classname="tests.HomeTests" name="TC002_OpeningCuraFacebook" time="0.066"/>
  <testcase classname="tests.HomeTests" name="TC003_OpeningCuraTwitter" time="0.06"/>
  <testcase classname="tests.HomeTests" name="TC004_OpeningCuraDribbble" time="0.058"/>
</testsuite> <!-- HomeTests -->
