<?xml version="1.0" encoding="UTF-8"?>
<testsuite xmlns:xsi="http://www.w3.org/2001/XMLSchema-instance" xsi:noNamespaceSchemaLocation="https://maven.apache.org/surefire/maven-surefire-plugin/xsd/surefire-test-report-3.0.xsd" version="3.0" name="TestSuite" time="53.531" tests="11" errors="0" skipped="0" failures="0">
  <properties>
[...]
</properties>
  <testcase name="TC008_VerifyLoginPage" classname="tests.AuthTests" time="0.732">
    <system-out><![CDATA[2026-04-29 20:38:35 [main] INFO  Log - === Starting WebDriver ===
2026-04-29 20:38:39 [main] INFO  Log - === Browser Opened ===
2026-04-29 20:38:40 [main] INFO  Log - === Navigate URL to https://katalon-demo-cura.herokuapp.com/ ===
2026-04-29 20:38:40 [main] INFO  Log - === Running: TC008_Verify Login Page ===
2026-04-29 20:38:40 [main] INFO  Log - Step: Clicked Menu Toggle.
2026-04-29 20:38:40 [main] INFO  Log - Step: Clicked Login button.
2026-04-29 20:38:40 [main] INFO  Log - [PASS] - Redirected to Login via Login button Sidebar.
2026-04-29 20:38:40 [main] INFO  Log - [PASS] Header H2 Login is correct.
2026-04-29 20:38:40 [main] INFO  Log - [PASS] Label Username is correct.
2026-04-29 20:38:40 [main] INFO  Log - [PASS] Label Password is correct.
2026-04-29 20:38:40 [main] INFO  Log - [PASS] Input Username is displayed.
2026-04-29 20:38:40 [main] INFO  Log - [PASS] Input Password is displayed.
2026-04-29 20:38:40 [main] INFO  Log - [PASS] Button Login is correct.
2026-04-29 20:38:40 [main] INFO  Log - [PASS] Button Login is displayed.
2026-04-29 20:38:40 [main] INFO  Log - === TC008 Finished ===
]]></system-out>
    <system-err><![CDATA[SLF4J(W): No SLF4J providers were found.
SLF4J(W): Defaulting to no-operation (NOP) logger implementation
SLF4J(W): See https://www.slf4j.org/codes.html#noProviders for further details.
2026-04-29T13:38:35.743319400Z main INFO Starting configuration XmlConfiguration[location=C:\Users\cahay\eclipse-workspace\CURAHealthcareServiceTest\target\classes\log4j2.xml, lastModified=2026-04-29T07:08:04.278Z]...
2026-04-29T13:38:35.744323700Z main INFO Configuration XmlConfiguration[location=C:\Users\cahay\eclipse-workspace\CURAHealthcareServiceTest\target\classes\log4j2.xml, lastModified=2026-04-29T07:08:04.278Z] started.
2026-04-29T13:38:35.745323500Z main INFO Stopping configuration org.apache.logging.log4j.core.config.DefaultConfiguration@6a4f1a55...
2026-04-29T13:38:35.746321700Z main INFO Configuration org.apache.logging.log4j.core.config.DefaultConfiguration@6a4f1a55 stopped.
]]></system-err>
  </testcase>
  <testcase name="TC009_LoginSuccess" classname="tests.AuthTests" time="1.633">
    <system-out><![CDATA[2026-04-29 20:38:40 [main] INFO  Log - === Browser Closed ===
2026-04-29 20:38:40 [main] INFO  Log - === Starting WebDriver ===
2026-04-29 20:38:44 [main] INFO  Log - === Browser Opened ===
2026-04-29 20:38:44 [main] INFO  Log - === Navigate URL to https://katalon-demo-cura.herokuapp.com/ ===
2026-04-29 20:38:44 [main] INFO  Log - === Running: TC009_Login Success ===
2026-04-29 20:38:44 [main] INFO  Log - Step: Clicked Menu Toggle.
2026-04-29 20:38:44 [main] INFO  Log - Step: Clicked Login button.
2026-04-29 20:38:45 [main] INFO  Log - [PASS] - Redirected to Login via Login button Sidebar.
2026-04-29 20:38:45 [main] INFO  Log - [PASS] Header H2 Login is correct.
2026-04-29 20:38:45 [main] INFO  Log - [PASS] Label Username is correct.
2026-04-29 20:38:45 [main] INFO  Log - [PASS] Label Password is correct.
2026-04-29 20:38:45 [main] INFO  Log - [PASS] Input Username is displayed.
2026-04-29 20:38:45 [main] INFO  Log - [PASS] Input Password is displayed.
2026-04-29 20:38:45 [main] INFO  Log - [PASS] Button Login is correct.
2026-04-29 20:38:45 [main] INFO  Log - [PASS] Button Login is displayed.
2026-04-29 20:38:46 [main] INFO  Log - [PASS] - Redirected to Appointment URL.
2026-04-29 20:38:46 [main] INFO  Log - === TC009 Finished ===
]]></system-out>
  </testcase>
  <testcase name="TC005_OpenCURAHomeViaCURAHealthCareButton" classname="tests.DropDownTests" time="0.497">
    <system-out><![CDATA[2026-04-29 20:38:46 [main] INFO  Log - === Browser Closed ===
2026-04-29 20:38:46 [main] INFO  Log - === Starting WebDriver ===
2026-04-29 20:38:50 [main] INFO  Log - === Browser Opened ===
2026-04-29 20:38:50 [main] INFO  Log - === Navigate URL to https://katalon-demo-cura.herokuapp.com/ ===
2026-04-29 20:38:50 [main] INFO  Log - === Running: TC005_Open CURA Home via CURA Healthcare button ===
2026-04-29 20:38:50 [main] INFO  Log - Step: Navigate to Login Page first.
2026-04-29 20:38:50 [main] INFO  Log - Step: Clicked Menu Toggle.
2026-04-29 20:38:50 [main] INFO  Log - Step: Clicked Link Cura HealthCare.
2026-04-29 20:38:50 [main] INFO  Log - [PASS] - Redirected to CURA Home via Brand Button.
2026-04-29 20:38:50 [main] INFO  Log - [PASS] Header H1 after redirection is correct.
2026-04-29 20:38:50 [main] INFO  Log - === TC005 Finished ===
]]></system-out>
  </testcase>
  <testcase name="TC006_OpenCURAHomeViaHomeButton" classname="tests.DropDownTests" time="0.468">
    <system-out><![CDATA[2026-04-29 20:38:50 [main] INFO  Log - === Browser Closed ===
2026-04-29 20:38:50 [main] INFO  Log - === Starting WebDriver ===
2026-04-29 20:38:54 [main] INFO  Log - === Browser Opened ===
2026-04-29 20:38:54 [main] INFO  Log - === Navigate URL to https://katalon-demo-cura.herokuapp.com/ ===
2026-04-29 20:38:54 [main] INFO  Log - === Running: TC006_Open CURA Home via Home button ===
2026-04-29 20:38:54 [main] INFO  Log - Step: Clicked Menu Toggle.
2026-04-29 20:38:54 [main] INFO  Log - Step: Clicked Home button.
2026-04-29 20:38:55 [main] INFO  Log - [PASS] - Redirected to CURA Home via Home Button.
2026-04-29 20:38:55 [main] INFO  Log - [PASS] Header H1 after redirection is correct.
2026-04-29 20:38:55 [main] INFO  Log - === TC006 Finished ===
]]></system-out>
  </testcase>
  <testcase name="TC007_OpenLoginViaLoginButton" classname="tests.DropDownTests" time="1.085">
    <system-out><![CDATA[2026-04-29 20:38:55 [main] INFO  Log - === Browser Closed ===
2026-04-29 20:38:55 [main] INFO  Log - === Starting WebDriver ===
2026-04-29 20:38:59 [main] INFO  Log - === Browser Opened ===
2026-04-29 20:38:59 [main] INFO  Log - === Navigate URL to https://katalon-demo-cura.herokuapp.com/ ===
2026-04-29 20:38:59 [main] INFO  Log - === Running: TC007_Open Login via Login button ===
2026-04-29 20:38:59 [main] INFO  Log - Step: Clicked Menu Toggle.
2026-04-29 20:39:00 [main] INFO  Log - Step: Clicked Login button.
2026-04-29 20:39:00 [main] INFO  Log - [PASS] - Redirected to Login via Login button Sidebar.
2026-04-29 20:39:00 [main] INFO  Log - [PASS] Header H2 Login is correct.
2026-04-29 20:39:00 [main] INFO  Log - === TC007 Finished ===
]]></system-out>
  </testcase>
  <testcase name="TC023_OpenHistoryViaHistoryButton" classname="tests.DropDownTests" time="1.993">
    <system-out><![CDATA[2026-04-29 20:39:00 [main] INFO  Log - === Browser Closed ===
2026-04-29 20:39:00 [main] INFO  Log - === Starting WebDriver ===
2026-04-29 20:39:04 [main] INFO  Log - === Browser Opened ===
2026-04-29 20:39:04 [main] INFO  Log - === Navigate URL to https://katalon-demo-cura.herokuapp.com/ ===
2026-04-29 20:39:04 [main] INFO  Log - === Running: TC023_Open History via History button ===
2026-04-29 20:39:04 [main] INFO  Log - Step: Clicked Menu Toggle.
2026-04-29 20:39:04 [main] INFO  Log - Step: Clicked Login button.
2026-04-29 20:39:04 [main] INFO  Log - [PASS] - Redirected to Login via Login button Sidebar.
2026-04-29 20:39:04 [main] INFO  Log - [PASS] Header H2 Login is correct.
2026-04-29 20:39:04 [main] INFO  Log - [PASS] Label Username is correct.
2026-04-29 20:39:04 [main] INFO  Log - [PASS] Label Password is correct.
2026-04-29 20:39:04 [main] INFO  Log - [PASS] Input Username is displayed.
2026-04-29 20:39:04 [main] INFO  Log - [PASS] Input Password is displayed.
2026-04-29 20:39:04 [main] INFO  Log - [PASS] Button Login is correct.
2026-04-29 20:39:04 [main] INFO  Log - [PASS] Button Login is displayed.
2026-04-29 20:39:05 [main] INFO  Log - [PASS] - Redirected to Appointment URL.
2026-04-29 20:39:05 [main] INFO  Log - Step: Clicked Menu Toggle.
2026-04-29 20:39:05 [main] INFO  Log - Step: Clicked Profile button.
2026-04-29 20:39:06 [main] INFO  Log - [PASS] - Redirected to History via History button.
2026-04-29 20:39:06 [main] INFO  Log - [PASS] Header H2 History is correct.
2026-04-29 20:39:06 [main] INFO  Log - === TC023 Finished ===
]]></system-out>
  </testcase>
  <testcase name="TC024_OpenProfileViaProfileButton" classname="tests.DropDownTests" time="2.129">
    <system-out><![CDATA[2026-04-29 20:39:06 [main] INFO  Log - === Browser Closed ===
2026-04-29 20:39:06 [main] INFO  Log - === Starting WebDriver ===
2026-04-29 20:39:10 [main] INFO  Log - === Browser Opened ===
2026-04-29 20:39:10 [main] INFO  Log - === Navigate URL to https://katalon-demo-cura.herokuapp.com/ ===
2026-04-29 20:39:10 [main] INFO  Log - === Running: TC024_Open Profile via Profile button ===
2026-04-29 20:39:10 [main] INFO  Log - Step: Clicked Menu Toggle.
2026-04-29 20:39:10 [main] INFO  Log - Step: Clicked Login button.
2026-04-29 20:39:10 [main] INFO  Log - [PASS] - Redirected to Login via Login button Sidebar.
2026-04-29 20:39:10 [main] INFO  Log - [PASS] Header H2 Login is correct.
2026-04-29 20:39:10 [main] INFO  Log - [PASS] Label Username is correct.
2026-04-29 20:39:10 [main] INFO  Log - [PASS] Label Password is correct.
2026-04-29 20:39:10 [main] INFO  Log - [PASS] Input Username is displayed.
2026-04-29 20:39:10 [main] INFO  Log - [PASS] Input Password is displayed.
2026-04-29 20:39:10 [main] INFO  Log - [PASS] Button Login is correct.
2026-04-29 20:39:10 [main] INFO  Log - [PASS] Button Login is displayed.
2026-04-29 20:39:11 [main] INFO  Log - [PASS] - Redirected to Appointment URL.
2026-04-29 20:39:11 [main] INFO  Log - Step: Clicked Menu Toggle.
2026-04-29 20:39:12 [main] INFO  Log - Step: Clicked Profile button.
2026-04-29 20:39:12 [main] INFO  Log - [PASS] - Redirected to Profile via Profile button.
2026-04-29 20:39:12 [main] INFO  Log - [PASS] Header H2 Profile is correct.
2026-04-29 20:39:12 [main] INFO  Log - === TC024 Finished ===
]]></system-out>
  </testcase>
  <testcase name="TC001_VerifyHomePage" classname="tests.HomeTests" time="0.184">
    <system-out><![CDATA[2026-04-29 20:39:12 [main] INFO  Log - === Browser Closed ===
2026-04-29 20:39:12 [main] INFO  Log - === Starting WebDriver ===
2026-04-29 20:39:16 [main] INFO  Log - === Browser Opened ===
2026-04-29 20:39:16 [main] INFO  Log - === Navigate URL to https://katalon-demo-cura.herokuapp.com/ ===
2026-04-29 20:39:16 [main] INFO  Log - === Running: TC001_VerifyHomePage ===
2026-04-29 20:39:16 [main] INFO  Log - [PASS] Header H1 is correct.
2026-04-29 20:39:16 [main] INFO  Log - [PASS] Header H3 is correct.
2026-04-29 20:39:16 [main] INFO  Log - [PASS] Button Make Appointment is correct.
2026-04-29 20:39:16 [main] INFO  Log - [PASS] Footer Title is correct.
2026-04-29 20:39:16 [main] INFO  Log - [PASS] Footer Address contains correct info.
2026-04-29 20:39:16 [main] INFO  Log - [PASS] Footer Phone contains correct info.
2026-04-29 20:39:16 [main] INFO  Log - [PASS] Footer Email is correct.
2026-04-29 20:39:16 [main] INFO  Log - [PASS] Icon Facebook is displayed.
2026-04-29 20:39:16 [main] INFO  Log - [PASS] Icon Twitter is displayed.
2026-04-29 20:39:16 [main] INFO  Log - [PASS] Icon Dribbble is displayed.
2026-04-29 20:39:16 [main] INFO  Log - [PASS] Footer Copyright contains correct info.
2026-04-29 20:39:16 [main] INFO  Log - === TC001 Finished ===
]]></system-out>
  </testcase>
  <testcase name="TC002_OpeningCuraFacebook" classname="tests.HomeTests" time="0.064">
    <system-out><![CDATA[2026-04-29 20:39:16 [main] INFO  Log - === Browser Closed ===
2026-04-29 20:39:16 [main] INFO  Log - === Starting WebDriver ===
2026-04-29 20:39:20 [main] INFO  Log - === Browser Opened ===
2026-04-29 20:39:20 [main] INFO  Log - === Navigate URL to https://katalon-demo-cura.herokuapp.com/ ===
2026-04-29 20:39:20 [main] INFO  Log - === Running: TC002_OpeningCuraFacebook ===
2026-04-29 20:39:20 [main] ERROR Log - [FAIL] - Not redirected to Facebook.
2026-04-29 20:39:20 [main] ERROR Log - Actual URL   : https://katalon-demo-cura.herokuapp.com/#
2026-04-29 20:39:20 [main] ERROR Log - Expected URL Contains : facebook.com
2026-04-29 20:39:20 [main] INFO  Log - === TC002 Finished ===
]]></system-out>
  </testcase>
  <testcase name="TC003_OpeningCuraTwitter" classname="tests.HomeTests" time="0.06">
    <system-out><![CDATA[2026-04-29 20:39:20 [main] INFO  Log - === Browser Closed ===
2026-04-29 20:39:20 [main] INFO  Log - === Starting WebDriver ===
2026-04-29 20:39:24 [main] INFO  Log - === Browser Opened ===
2026-04-29 20:39:24 [main] INFO  Log - === Navigate URL to https://katalon-demo-cura.herokuapp.com/ ===
2026-04-29 20:39:24 [main] INFO  Log - === Running: TC003_OpeningCuraTwitter ===
2026-04-29 20:39:24 [main] ERROR Log - [FAIL] - Not redirected to Twitter.
2026-04-29 20:39:24 [main] ERROR Log - Actual URL   : https://katalon-demo-cura.herokuapp.com/#
2026-04-29 20:39:24 [main] ERROR Log - Expected URL Contains : x.com
2026-04-29 20:39:24 [main] INFO  Log - === TC003 Finished ===
]]></system-out>
  </testcase>
  <testcase name="TC004_OpeningCuraDribbble" classname="tests.HomeTests" time="0.061">
    <system-out><![CDATA[2026-04-29 20:39:24 [main] INFO  Log - === Browser Closed ===
2026-04-29 20:39:24 [main] INFO  Log - === Starting WebDriver ===
2026-04-29 20:39:28 [main] INFO  Log - === Browser Opened ===
2026-04-29 20:39:28 [main] INFO  Log - === Navigate URL to https://katalon-demo-cura.herokuapp.com/ ===
2026-04-29 20:39:28 [main] INFO  Log - === Running: TC004_OpeningCuraDribbble ===
2026-04-29 20:39:28 [main] ERROR Log - [FAIL] - Not redirected to Dribble.
2026-04-29 20:39:28 [main] ERROR Log - Actual URL   : https://katalon-demo-cura.herokuapp.com/#
2026-04-29 20:39:28 [main] ERROR Log - Expected URL Contains : dribble.com
2026-04-29 20:39:28 [main] INFO  Log - === TC004 Finished ===
]]></system-out>
  </testcase>
</testsuite>