<?xml version="1.0" encoding="UTF-8"?>
<testsuite xmlns:xsi="http://www.w3.org/2001/XMLSchema-instance" xsi:noNamespaceSchemaLocation="https://maven.apache.org/surefire/maven-surefire-plugin/xsd/surefire-test-report-3.0.xsd" version="3.0" name="TestSuite" time="27.047" tests="6" errors="0" skipped="0" failures="0">
  <properties>
[...]
</properties>
  <testcase name="TC005_OpenCURAHomeViaCURAHealthCareButton" classname="tests.DropDownTests" time="0.996">
    <system-out><![CDATA[2026-04-29 15:00:30 [main] INFO  Log - === Starting WebDriver ===
2026-04-29 15:00:34 [main] INFO  Log - === Browser Opened ===
2026-04-29 15:00:34 [main] INFO  Log - === Navigate URL to https://katalon-demo-cura.herokuapp.com/ ===
2026-04-29 15:00:34 [main] INFO  Log - === Running: TC005_Open CURA Home via CURA Healthcare button ===
2026-04-29 15:00:34 [main] INFO  Log - Step: Navigate to Login Page first.
2026-04-29 15:00:35 [main] INFO  Log - Step: Clicked Menu Toggle.
2026-04-29 15:00:35 [main] INFO  Log - Step: Clicked 'CURA Healthcare' brand button.
2026-04-29 15:00:35 [main] INFO  Log - [PASS] - Redirected to CURA Home via Brand Button.
2026-04-29 15:00:35 [main] INFO  Log - [PASS] Header H1 after redirection is correct.
2026-04-29 15:00:35 [main] INFO  Log - === TC005 Finished ===
]]></system-out>
    <system-err><![CDATA[SLF4J(W): No SLF4J providers were found.
SLF4J(W): Defaulting to no-operation (NOP) logger implementation
SLF4J(W): See https://www.slf4j.org/codes.html#noProviders for further details.
2026-04-29T08:00:30.585701700Z main INFO Starting configuration XmlConfiguration[location=C:\Users\cahay\eclipse-workspace\CURAHealthcareServiceTest\target\classes\log4j2.xml, lastModified=2026-04-29T07:08:04.278Z]...
2026-04-29T08:00:30.587702900Z main INFO Configuration XmlConfiguration[location=C:\Users\cahay\eclipse-workspace\CURAHealthcareServiceTest\target\classes\log4j2.xml, lastModified=2026-04-29T07:08:04.278Z] started.
2026-04-29T08:00:30.588701500Z main INFO Stopping configuration org.apache.logging.log4j.core.config.DefaultConfiguration@29d80d2b...
2026-04-29T08:00:30.588701500Z main INFO Configuration org.apache.logging.log4j.core.config.DefaultConfiguration@29d80d2b stopped.
]]></system-err>
  </testcase>
  <testcase name="TC006_OpenCURAHomeViaHomeButton" classname="tests.DropDownTests" time="1.03">
    <system-out><![CDATA[2026-04-29 15:00:36 [main] INFO  Log - === Browser Closed ===
2026-04-29 15:00:36 [main] INFO  Log - === Starting WebDriver ===
2026-04-29 15:00:39 [main] INFO  Log - === Browser Opened ===
2026-04-29 15:00:39 [main] INFO  Log - === Navigate URL to https://katalon-demo-cura.herokuapp.com/ ===
2026-04-29 15:00:39 [main] INFO  Log - === Running: TC006_Open CURA Home via Home button ===
2026-04-29 15:00:39 [main] INFO  Log - Step: Navigate to Login Page first.
2026-04-29 15:00:39 [main] INFO  Log - Step: Clicked Menu Toggle.
2026-04-29 15:00:40 [main] INFO  Log - Step: Clicked Home button.
2026-04-29 15:00:40 [main] INFO  Log - [PASS] - Redirected to CURA Home via Home Button.
2026-04-29 15:00:40 [main] INFO  Log - [PASS] Header H1 after redirection is correct.
2026-04-29 15:00:40 [main] INFO  Log - === TC006 Finished ===
]]></system-out>
  </testcase>
  <testcase name="TC001_VerifyHomePage" classname="tests.HomeTests" time="0.217">
    <system-out><![CDATA[2026-04-29 15:00:40 [main] INFO  Log - === Browser Closed ===
2026-04-29 15:00:40 [main] INFO  Log - === Starting WebDriver ===
2026-04-29 15:00:44 [main] INFO  Log - === Browser Opened ===
2026-04-29 15:00:44 [main] INFO  Log - === Navigate URL to https://katalon-demo-cura.herokuapp.com/ ===
2026-04-29 15:00:44 [main] INFO  Log - === Running: TC001_VerifyHomePage ===
2026-04-29 15:00:44 [main] INFO  Log - [PASS] Header H1 is correct.
2026-04-29 15:00:44 [main] INFO  Log - [PASS] Header H3 is correct.
2026-04-29 15:00:44 [main] INFO  Log - [PASS] Button Make Appointment is correct.
2026-04-29 15:00:44 [main] INFO  Log - [PASS] Footer Title is correct.
2026-04-29 15:00:44 [main] INFO  Log - [PASS] Footer Address contains correct info.
2026-04-29 15:00:44 [main] INFO  Log - [PASS] Footer Phone contains correct info.
2026-04-29 15:00:44 [main] INFO  Log - [PASS] Footer Email is correct.
2026-04-29 15:00:44 [main] INFO  Log - [PASS] Icon Facebook is displayed.
2026-04-29 15:00:44 [main] INFO  Log - [PASS] Icon Twitter is displayed.
2026-04-29 15:00:45 [main] INFO  Log - [PASS] Icon Dribbble is displayed.
2026-04-29 15:00:45 [main] INFO  Log - [PASS] Footer Copyright contains correct info.
2026-04-29 15:00:45 [main] INFO  Log - === TC001 Finished ===
]]></system-out>
  </testcase>
  <testcase name="TC002_OpeningCuraFacebook" classname="tests.HomeTests" time="0.067">
    <system-out><![CDATA[2026-04-29 15:00:45 [main] INFO  Log - === Browser Closed ===
2026-04-29 15:00:45 [main] INFO  Log - === Starting WebDriver ===
2026-04-29 15:00:48 [main] INFO  Log - === Browser Opened ===
2026-04-29 15:00:48 [main] INFO  Log - === Navigate URL to https://katalon-demo-cura.herokuapp.com/ ===
2026-04-29 15:00:48 [main] INFO  Log - === Running: TC002_OpeningCuraFacebook ===
2026-04-29 15:00:49 [main] ERROR Log - [FAIL] - Not redirected to Facebook.
2026-04-29 15:00:49 [main] ERROR Log - Actual URL   : https://katalon-demo-cura.herokuapp.com/#
2026-04-29 15:00:49 [main] ERROR Log - Expected URL Contains : facebook.com
2026-04-29 15:00:49 [main] INFO  Log - === TC002 Finished ===
]]></system-out>
  </testcase>
  <testcase name="TC003_OpeningCuraTwitter" classname="tests.HomeTests" time="0.061">
    <system-out><![CDATA[2026-04-29 15:00:49 [main] INFO  Log - === Browser Closed ===
2026-04-29 15:00:49 [main] INFO  Log - === Starting WebDriver ===
2026-04-29 15:00:52 [main] INFO  Log - === Browser Opened ===
2026-04-29 15:00:52 [main] INFO  Log - === Navigate URL to https://katalon-demo-cura.herokuapp.com/ ===
2026-04-29 15:00:52 [main] INFO  Log - === Running: TC003_OpeningCuraTwitter ===
2026-04-29 15:00:52 [main] ERROR Log - [FAIL] - Not redirected to Twitter.
2026-04-29 15:00:52 [main] ERROR Log - Actual URL   : https://katalon-demo-cura.herokuapp.com/#
2026-04-29 15:00:52 [main] ERROR Log - Expected URL Contains : x.com
2026-04-29 15:00:52 [main] INFO  Log - === TC003 Finished ===
]]></system-out>
  </testcase>
  <testcase name="TC004_OpeningCuraDribbble" classname="tests.HomeTests" time="0.065">
    <system-out><![CDATA[2026-04-29 15:00:52 [main] INFO  Log - === Browser Closed ===
2026-04-29 15:00:52 [main] INFO  Log - === Starting WebDriver ===
2026-04-29 15:00:56 [main] INFO  Log - === Browser Opened ===
2026-04-29 15:00:56 [main] INFO  Log - === Navigate URL to https://katalon-demo-cura.herokuapp.com/ ===
2026-04-29 15:00:56 [main] INFO  Log - === Running: TC004_OpeningCuraDribbble ===
2026-04-29 15:00:56 [main] ERROR Log - [FAIL] - Not redirected to Dribble.
2026-04-29 15:00:56 [main] ERROR Log - Actual URL   : https://katalon-demo-cura.herokuapp.com/#
2026-04-29 15:00:56 [main] ERROR Log - Expected URL Contains : dribble.com
2026-04-29 15:00:56 [main] INFO  Log - === TC004 Finished ===
]]></system-out>
  </testcase>
</testsuite>