<?xml version="1.0" encoding="UTF-8"?>
<testng-results ignored="0" total="11" passed="11" failed="0" skipped="0">
  <reporter-output>
  </reporter-output>
  <suite started-at="2026-04-30T10:42:31 WIB" name="Surefire suite" finished-at="2026-04-30T10:43:27 WIB" duration-ms="55718">
    <groups>
    </groups>
    <test started-at="2026-04-30T10:42:31 WIB" name="Surefire test" finished-at="2026-04-30T10:43:27 WIB" duration-ms="55718">
      <class name="tests.DropDownTests">
        <test-method is-config="true" signature="setUp()[pri:0, instance:tests.DropDownTests@6ef888f6]" started-at="2026-04-30T10:42:46 WIB" name="setUp" finished-at="2026-04-30T10:42:50 WIB" duration-ms="3727" status="PASS">
          <reporter-output>
          </reporter-output>
        </test-method> <!-- setUp -->
        <test-method signature="TC005_OpenCURAHomeViaCURAHealthCareButton()[pri:0, instance:tests.DropDownTests@6ef888f6]" started-at="2026-04-30T10:42:50 WIB" name="TC005_OpenCURAHomeViaCURAHealthCareButton" finished-at="2026-04-30T10:42:50 WIB" duration-ms="502" status="PASS">
          <reporter-output>
          </reporter-output>
        </test-method> <!-- TC005_OpenCURAHomeViaCURAHealthCareButton -->
        <test-method is-config="true" signature="tearDown()[pri:0, instance:tests.DropDownTests@6ef888f6]" started-at="2026-04-30T10:42:50 WIB" name="tearDown" finished-at="2026-04-30T10:42:50 WIB" duration-ms="199" status="PASS">
          <reporter-output>
          </reporter-output>
        </test-method> <!-- tearDown -->
        <test-method is-config="true" signature="setUp()[pri:0, instance:tests.DropDownTests@6ef888f6]" started-at="2026-04-30T10:42:50 WIB" name="setUp" finished-at="2026-04-30T10:42:54 WIB" duration-ms="3783" status="PASS">
          <reporter-output>
          </reporter-output>
        </test-method> <!-- setUp -->
        <test-method signature="TC006_OpenCURAHomeViaHomeButton()[pri:0, instance:tests.DropDownTests@6ef888f6]" started-at="2026-04-30T10:42:54 WIB" name="TC006_OpenCURAHomeViaHomeButton" finished-at="2026-04-30T10:42:55 WIB" duration-ms="483" status="PASS">
          <reporter-output>
          </reporter-output>
        </test-method> <!-- TC006_OpenCURAHomeViaHomeButton -->
        <test-method is-config="true" signature="tearDown()[pri:0, instance:tests.DropDownTests@6ef888f6]" started-at="2026-04-30T10:42:55 WIB" name="tearDown" finished-at="2026-04-30T10:42:55 WIB" duration-ms="150" status="PASS">
          <reporter-output>
          </reporter-output>
        </test-method> <!-- tearDown -->
        <test-method is-config="true" signature="setUp()[pri:0, instance:tests.DropDownTests@6ef888f6]" started-at="2026-04-30T10:42:55 WIB" name="setUp" finished-at="2026-04-30T10:42:59 WIB" duration-ms="3904" status="PASS">
          <reporter-output>
          </reporter-output>
        </test-method> <!-- setUp -->
        <test-method signature="TC007_OpenLoginViaLoginButton()[pri:0, instance:tests.DropDownTests@6ef888f6]" started-at="2026-04-30T10:42:59 WIB" name="TC007_OpenLoginViaLoginButton" finished-at="2026-04-30T10:42:59 WIB" duration-ms="765" status="PASS">
          <reporter-output>
          </reporter-output>
        </test-method> <!-- TC007_OpenLoginViaLoginButton -->
        <test-method is-config="true" signature="tearDown()[pri:0, instance:tests.DropDownTests@6ef888f6]" started-at="2026-04-30T10:42:59 WIB" name="tearDown" finished-at="2026-04-30T10:43:00 WIB" duration-ms="127" status="PASS">
          <reporter-output>
          </reporter-output>
        </test-method> <!-- tearDown -->
        <test-method is-config="true" signature="setUp()[pri:0, instance:tests.DropDownTests@6ef888f6]" started-at="2026-04-30T10:43:00 WIB" name="setUp" finished-at="2026-04-30T10:43:04 WIB" duration-ms="4221" status="PASS">
          <reporter-output>
          </reporter-output>
        </test-method> <!-- setUp -->
        <test-method signature="TC023_OpenHistoryViaHistoryButton()[pri:0, instance:tests.DropDownTests@6ef888f6]" started-at="2026-04-30T10:43:04 WIB" name="TC023_OpenHistoryViaHistoryButton" finished-at="2026-04-30T10:43:06 WIB" duration-ms="1893" status="PASS">
          <reporter-output>
          </reporter-output>
        </test-method> <!-- TC023_OpenHistoryViaHistoryButton -->
        <test-method is-config="true" signature="tearDown()[pri:0, instance:tests.DropDownTests@6ef888f6]" started-at="2026-04-30T10:43:06 WIB" name="tearDown" finished-at="2026-04-30T10:43:06 WIB" duration-ms="121" status="PASS">
          <reporter-output>
          </reporter-output>
        </test-method> <!-- tearDown -->
        <test-method is-config="true" signature="setUp()[pri:0, instance:tests.DropDownTests@6ef888f6]" started-at="2026-04-30T10:43:06 WIB" name="setUp" finished-at="2026-04-30T10:43:09 WIB" duration-ms="3556" status="PASS">
          <reporter-output>
          </reporter-output>
        </test-method> <!-- setUp -->
        <test-method signature="TC024_OpenProfileViaProfileButton()[pri:0, instance:tests.DropDownTests@6ef888f6]" started-at="2026-04-30T10:43:09 WIB" name="TC024_OpenProfileViaProfileButton" finished-at="2026-04-30T10:43:11 WIB" duration-ms="1933" status="PASS">
          <reporter-output>
          </reporter-output>
        </test-method> <!-- TC024_OpenProfileViaProfileButton -->
        <test-method is-config="true" signature="tearDown()[pri:0, instance:tests.DropDownTests@6ef888f6]" started-at="2026-04-30T10:43:11 WIB" name="tearDown" finished-at="2026-04-30T10:43:11 WIB" duration-ms="120" status="PASS">
          <reporter-output>
          </reporter-output>
        </test-method> <!-- tearDown -->
      </class> <!-- tests.DropDownTests -->
      <class name="tests.HomeTests">
        <test-method is-config="true" signature="setUp()[pri:0, instance:tests.HomeTests@10e92f8f]" started-at="2026-04-30T10:43:11 WIB" name="setUp" finished-at="2026-04-30T10:43:15 WIB" duration-ms="3554" status="PASS">
          <reporter-output>
          </reporter-output>
        </test-method> <!-- setUp -->
        <test-method signature="TC001_VerifyHomePage()[pri:0, instance:tests.HomeTests@10e92f8f]" started-at="2026-04-30T10:43:15 WIB" name="TC001_VerifyHomePage" finished-at="2026-04-30T10:43:15 WIB" duration-ms="183" status="PASS">
          <reporter-output>
          </reporter-output>
        </test-method> <!-- TC001_VerifyHomePage -->
        <test-method is-config="true" signature="tearDown()[pri:0, instance:tests.HomeTests@10e92f8f]" started-at="2026-04-30T10:43:15 WIB" name="tearDown" finished-at="2026-04-30T10:43:15 WIB" duration-ms="123" status="PASS">
          <reporter-output>
          </reporter-output>
        </test-method> <!-- tearDown -->
        <test-method is-config="true" signature="setUp()[pri:0, instance:tests.HomeTests@10e92f8f]" started-at="2026-04-30T10:43:15 WIB" name="setUp" finished-at="2026-04-30T10:43:19 WIB" duration-ms="3567" status="PASS">
          <reporter-output>
          </reporter-output>
        </test-method> <!-- setUp -->
        <test-method signature="TC002_OpeningCuraFacebook()[pri:0, instance:tests.HomeTests@10e92f8f]" started-at="2026-04-30T10:43:19 WIB" name="TC002_OpeningCuraFacebook" finished-at="2026-04-30T10:43:19 WIB" duration-ms="59" status="PASS">
          <reporter-output>
          </reporter-output>
        </test-method> <!-- TC002_OpeningCuraFacebook -->
        <test-method is-config="true" signature="tearDown()[pri:0, instance:tests.HomeTests@10e92f8f]" started-at="2026-04-30T10:43:19 WIB" name="tearDown" finished-at="2026-04-30T10:43:19 WIB" duration-ms="115" status="PASS">
          <reporter-output>
          </reporter-output>
        </test-method> <!-- tearDown -->
        <test-method is-config="true" signature="setUp()[pri:0, instance:tests.HomeTests@10e92f8f]" started-at="2026-04-30T10:43:19 WIB" name="setUp" finished-at="2026-04-30T10:43:23 WIB" duration-ms="3885" status="PASS">
          <reporter-output>
          </reporter-output>
        </test-method> <!-- setUp -->
        <test-method signature="TC003_OpeningCuraTwitter()[pri:0, instance:tests.HomeTests@10e92f8f]" started-at="2026-04-30T10:43:23 WIB" name="TC003_OpeningCuraTwitter" finished-at="2026-04-30T10:43:23 WIB" duration-ms="58" status="PASS">
          <reporter-output>
          </reporter-output>
        </test-method> <!-- TC003_OpeningCuraTwitter -->
        <test-method is-config="true" signature="tearDown()[pri:0, instance:tests.HomeTests@10e92f8f]" started-at="2026-04-30T10:43:23 WIB" name="tearDown" finished-at="2026-04-30T10:43:23 WIB" duration-ms="135" status="PASS">
          <reporter-output>
          </reporter-output>
        </test-method> <!-- tearDown -->
        <test-method is-config="true" signature="setUp()[pri:0, instance:tests.HomeTests@10e92f8f]" started-at="2026-04-30T10:43:23 WIB" name="setUp" finished-at="2026-04-30T10:43:27 WIB" duration-ms="3975" status="PASS">
          <reporter-output>
          </reporter-output>
        </test-method> <!-- setUp -->
        <test-method signature="TC004_OpeningCuraDribbble()[pri:0, instance:tests.HomeTests@10e92f8f]" started-at="2026-04-30T10:43:27 WIB" name="TC004_OpeningCuraDribbble" finished-at="2026-04-30T10:43:27 WIB" duration-ms="55" status="PASS">
          <reporter-output>
          </reporter-output>
        </test-method> <!-- TC004_OpeningCuraDribbble -->
        <test-method is-config="true" signature="tearDown()[pri:0, instance:tests.HomeTests@10e92f8f]" started-at="2026-04-30T10:43:27 WIB" name="tearDown" finished-at="2026-04-30T10:43:27 WIB" duration-ms="114" status="PASS">
          <reporter-output>
          </reporter-output>
        </test-method> <!-- tearDown -->
      </class> <!-- tests.HomeTests -->
      <class name="tests.AuthTests">
        <test-method is-config="true" signature="setUp()[pri:0, instance:tests.AuthTests@71b1176b]" started-at="2026-04-30T10:42:32 WIB" name="setUp" finished-at="2026-04-30T10:42:40 WIB" duration-ms="8197" status="PASS">
          <reporter-output>
          </reporter-output>
        </test-method> <!-- setUp -->
        <test-method signature="TC008_VerifyLoginPage()[pri:0, instance:tests.AuthTests@71b1176b]" started-at="2026-04-30T10:42:40 WIB" name="TC008_VerifyLoginPage" finished-at="2026-04-30T10:42:40 WIB" duration-ms="704" status="PASS">
          <reporter-output>
          </reporter-output>
        </test-method> <!-- TC008_VerifyLoginPage -->
        <test-method is-config="true" signature="tearDown()[pri:0, instance:tests.AuthTests@71b1176b]" started-at="2026-04-30T10:42:40 WIB" name="tearDown" finished-at="2026-04-30T10:42:41 WIB" duration-ms="132" status="PASS">
          <reporter-output>
          </reporter-output>
        </test-method> <!-- tearDown -->
        <test-method is-config="true" signature="setUp()[pri:0, instance:tests.AuthTests@71b1176b]" started-at="2026-04-30T10:42:41 WIB" name="setUp" finished-at="2026-04-30T10:42:44 WIB" duration-ms="3702" status="PASS">
          <reporter-output>
          </reporter-output>
        </test-method> <!-- setUp -->
        <test-method signature="TC009_LoginSuccess()[pri:0, instance:tests.AuthTests@71b1176b]" started-at="2026-04-30T10:42:44 WIB" name="TC009_LoginSuccess" finished-at="2026-04-30T10:42:46 WIB" duration-ms="1515" status="PASS">
          <reporter-output>
          </reporter-output>
        </test-method> <!-- TC009_LoginSuccess -->
        <test-method is-config="true" signature="tearDown()[pri:0, instance:tests.AuthTests@71b1176b]" started-at="2026-04-30T10:42:46 WIB" name="tearDown" finished-at="2026-04-30T10:42:46 WIB" duration-ms="114" status="PASS">
          <reporter-output>
          </reporter-output>
        </test-method> <!-- tearDown -->
      </class> <!-- tests.AuthTests -->
    </test> <!-- Surefire test -->
  </suite> <!-- Surefire suite -->
</testng-results>
