<?xml version="1.0" encoding="UTF-8"?>
<testng-results ignored="0" total="8" passed="8" failed="0" skipped="0">
  <reporter-output>
  </reporter-output>
  <suite started-at="2026-04-30T13:32:11 WIB" name="Default suite" finished-at="2026-04-30T13:32:58 WIB" duration-ms="47017">
    <groups>
    </groups>
    <test started-at="2026-04-30T13:32:11 WIB" name="Default test" finished-at="2026-04-30T13:32:58 WIB" duration-ms="47017">
      <class name="tests.AuthTests">
        <test-method is-config="true" signature="setUpReport()[pri:0, instance:tests.AuthTests@4c402120]" started-at="2026-04-30T13:32:11 WIB" name="setUpReport" finished-at="2026-04-30T13:32:11 WIB" duration-ms="156" status="PASS">
          <reporter-output>
          </reporter-output>
        </test-method> <!-- setUpReport -->
        <test-method is-config="true" signature="setUp(java.lang.reflect.Method)[pri:0, instance:tests.AuthTests@4c402120]" started-at="2026-04-30T13:32:11 WIB" name="setUp" finished-at="2026-04-30T13:32:16 WIB" duration-ms="4697" status="PASS">
          <params>
            <param index="0">
              <value>
                <![CDATA[public void tests.AuthTests.TC008_VerifyLoginPage()]]>
              </value>
            </param>
          </params>
          <reporter-output>
          </reporter-output>
        </test-method> <!-- setUp -->
        <test-method signature="TC008_VerifyLoginPage()[pri:0, instance:tests.AuthTests@4c402120]" started-at="2026-04-30T13:32:16 WIB" name="TC008_VerifyLoginPage" finished-at="2026-04-30T13:32:16 WIB" duration-ms="728" status="PASS">
          <reporter-output>
          </reporter-output>
        </test-method> <!-- TC008_VerifyLoginPage -->
        <test-method is-config="true" signature="tearDown(org.testng.ITestResult)[pri:0, instance:tests.AuthTests@4c402120]" started-at="2026-04-30T13:32:16 WIB" name="tearDown" finished-at="2026-04-30T13:32:17 WIB" duration-ms="126" status="PASS">
          <params>
            <param index="0">
              <value>
                <![CDATA[[TestResult name=TC008_VerifyLoginPage status=SUCCESS method=AuthTests.TC008_VerifyLoginPage()[pri:0, instance:tests.AuthTests@4c402120] output={null}]]]>
              </value>
            </param>
          </params>
          <reporter-output>
          </reporter-output>
        </test-method> <!-- tearDown -->
        <test-method is-config="true" signature="setUp(java.lang.reflect.Method)[pri:0, instance:tests.AuthTests@4c402120]" started-at="2026-04-30T13:32:17 WIB" name="setUp" finished-at="2026-04-30T13:32:20 WIB" duration-ms="3853" status="PASS">
          <params>
            <param index="0">
              <value>
                <![CDATA[public void tests.AuthTests.TC009_LoginSuccess()]]>
              </value>
            </param>
          </params>
          <reporter-output>
          </reporter-output>
        </test-method> <!-- setUp -->
        <test-method signature="TC009_LoginSuccess()[pri:0, instance:tests.AuthTests@4c402120]" started-at="2026-04-30T13:32:20 WIB" name="TC009_LoginSuccess" finished-at="2026-04-30T13:32:22 WIB" duration-ms="1622" status="PASS">
          <reporter-output>
          </reporter-output>
        </test-method> <!-- TC009_LoginSuccess -->
        <test-method is-config="true" signature="tearDown(org.testng.ITestResult)[pri:0, instance:tests.AuthTests@4c402120]" started-at="2026-04-30T13:32:22 WIB" name="tearDown" finished-at="2026-04-30T13:32:22 WIB" duration-ms="124" status="PASS">
          <params>
            <param index="0">
              <value>
                <![CDATA[[TestResult name=TC009_LoginSuccess status=SUCCESS method=AuthTests.TC009_LoginSuccess()[pri:0, instance:tests.AuthTests@4c402120] output={null}]]]>
              </value>
            </param>
          </params>
          <reporter-output>
          </reporter-output>
        </test-method> <!-- tearDown -->
        <test-method is-config="true" signature="setUp(java.lang.reflect.Method)[pri:0, instance:tests.AuthTests@4c402120]" started-at="2026-04-30T13:32:22 WIB" name="setUp" finished-at="2026-04-30T13:32:26 WIB" duration-ms="4284" status="PASS">
          <params>
            <param index="0">
              <value>
                <![CDATA[public void tests.AuthTests.TC010_LogoutSuccess()]]>
              </value>
            </param>
          </params>
          <reporter-output>
          </reporter-output>
        </test-method> <!-- setUp -->
        <test-method signature="TC010_LogoutSuccess()[pri:0, instance:tests.AuthTests@4c402120]" started-at="2026-04-30T13:32:26 WIB" name="TC010_LogoutSuccess" finished-at="2026-04-30T13:32:29 WIB" duration-ms="2384" status="PASS">
          <reporter-output>
          </reporter-output>
        </test-method> <!-- TC010_LogoutSuccess -->
        <test-method is-config="true" signature="tearDown(org.testng.ITestResult)[pri:0, instance:tests.AuthTests@4c402120]" started-at="2026-04-30T13:32:29 WIB" name="tearDown" finished-at="2026-04-30T13:32:29 WIB" duration-ms="116" status="PASS">
          <params>
            <param index="0">
              <value>
                <![CDATA[[TestResult name=TC010_LogoutSuccess status=SUCCESS method=AuthTests.TC010_LogoutSuccess()[pri:0, instance:tests.AuthTests@4c402120] output={null}]]]>
              </value>
            </param>
          </params>
          <reporter-output>
          </reporter-output>
        </test-method> <!-- tearDown -->
        <test-method is-config="true" signature="setUp(java.lang.reflect.Method)[pri:0, instance:tests.AuthTests@4c402120]" started-at="2026-04-30T13:32:29 WIB" name="setUp" finished-at="2026-04-30T13:32:33 WIB" duration-ms="3989" status="PASS">
          <params>
            <param index="0">
              <value>
                <![CDATA[public void tests.AuthTests.TC011_LoginFailedWrongUsername()]]>
              </value>
            </param>
          </params>
          <reporter-output>
          </reporter-output>
        </test-method> <!-- setUp -->
        <test-method signature="TC011_LoginFailedWrongUsername()[pri:0, instance:tests.AuthTests@4c402120]" started-at="2026-04-30T13:32:33 WIB" name="TC011_LoginFailedWrongUsername" finished-at="2026-04-30T13:32:35 WIB" duration-ms="1617" status="PASS">
          <reporter-output>
          </reporter-output>
        </test-method> <!-- TC011_LoginFailedWrongUsername -->
        <test-method is-config="true" signature="tearDown(org.testng.ITestResult)[pri:0, instance:tests.AuthTests@4c402120]" started-at="2026-04-30T13:32:35 WIB" name="tearDown" finished-at="2026-04-30T13:32:35 WIB" duration-ms="150" status="PASS">
          <params>
            <param index="0">
              <value>
                <![CDATA[[TestResult name=TC011_LoginFailedWrongUsername status=SUCCESS method=AuthTests.TC011_LoginFailedWrongUsername()[pri:0, instance:tests.AuthTests@4c402120] output={null}]]]>
              </value>
            </param>
          </params>
          <reporter-output>
          </reporter-output>
        </test-method> <!-- tearDown -->
        <test-method is-config="true" signature="setUp(java.lang.reflect.Method)[pri:0, instance:tests.AuthTests@4c402120]" started-at="2026-04-30T13:32:35 WIB" name="setUp" finished-at="2026-04-30T13:32:39 WIB" duration-ms="4266" status="PASS">
          <params>
            <param index="0">
              <value>
                <![CDATA[public void tests.AuthTests.TC012_LoginFailedWrongPassword()]]>
              </value>
            </param>
          </params>
          <reporter-output>
          </reporter-output>
        </test-method> <!-- setUp -->
        <test-method signature="TC012_LoginFailedWrongPassword()[pri:0, instance:tests.AuthTests@4c402120]" started-at="2026-04-30T13:32:39 WIB" name="TC012_LoginFailedWrongPassword" finished-at="2026-04-30T13:32:41 WIB" duration-ms="1642" status="PASS">
          <reporter-output>
          </reporter-output>
        </test-method> <!-- TC012_LoginFailedWrongPassword -->
        <test-method is-config="true" signature="tearDown(org.testng.ITestResult)[pri:0, instance:tests.AuthTests@4c402120]" started-at="2026-04-30T13:32:41 WIB" name="tearDown" finished-at="2026-04-30T13:32:41 WIB" duration-ms="123" status="PASS">
          <params>
            <param index="0">
              <value>
                <![CDATA[[TestResult name=TC012_LoginFailedWrongPassword status=SUCCESS method=AuthTests.TC012_LoginFailedWrongPassword()[pri:0, instance:tests.AuthTests@4c402120] output={null}]]]>
              </value>
            </param>
          </params>
          <reporter-output>
          </reporter-output>
        </test-method> <!-- tearDown -->
        <test-method is-config="true" signature="setUp(java.lang.reflect.Method)[pri:0, instance:tests.AuthTests@4c402120]" started-at="2026-04-30T13:32:41 WIB" name="setUp" finished-at="2026-04-30T13:32:45 WIB" duration-ms="4035" status="PASS">
          <params>
            <param index="0">
              <value>
                <![CDATA[public void tests.AuthTests.TC013_LoginFailedEmptyUsername()]]>
              </value>
            </param>
          </params>
          <reporter-output>
          </reporter-output>
        </test-method> <!-- setUp -->
        <test-method signature="TC013_LoginFailedEmptyUsername()[pri:0, instance:tests.AuthTests@4c402120]" started-at="2026-04-30T13:32:45 WIB" name="TC013_LoginFailedEmptyUsername" finished-at="2026-04-30T13:32:46 WIB" duration-ms="1641" status="PASS">
          <reporter-output>
          </reporter-output>
        </test-method> <!-- TC013_LoginFailedEmptyUsername -->
        <test-method is-config="true" signature="tearDown(org.testng.ITestResult)[pri:0, instance:tests.AuthTests@4c402120]" started-at="2026-04-30T13:32:46 WIB" name="tearDown" finished-at="2026-04-30T13:32:46 WIB" duration-ms="113" status="PASS">
          <params>
            <param index="0">
              <value>
                <![CDATA[[TestResult name=TC013_LoginFailedEmptyUsername status=SUCCESS method=AuthTests.TC013_LoginFailedEmptyUsername()[pri:0, instance:tests.AuthTests@4c402120] output={null}]]]>
              </value>
            </param>
          </params>
          <reporter-output>
          </reporter-output>
        </test-method> <!-- tearDown -->
        <test-method is-config="true" signature="setUp(java.lang.reflect.Method)[pri:0, instance:tests.AuthTests@4c402120]" started-at="2026-04-30T13:32:46 WIB" name="setUp" finished-at="2026-04-30T13:32:50 WIB" duration-ms="3719" status="PASS">
          <params>
            <param index="0">
              <value>
                <![CDATA[public void tests.AuthTests.TC014_LoginFailedEmptyPassword()]]>
              </value>
            </param>
          </params>
          <reporter-output>
          </reporter-output>
        </test-method> <!-- setUp -->
        <test-method signature="TC014_LoginFailedEmptyPassword()[pri:0, instance:tests.AuthTests@4c402120]" started-at="2026-04-30T13:32:50 WIB" name="TC014_LoginFailedEmptyPassword" finished-at="2026-04-30T13:32:52 WIB" duration-ms="1606" status="PASS">
          <reporter-output>
          </reporter-output>
        </test-method> <!-- TC014_LoginFailedEmptyPassword -->
        <test-method is-config="true" signature="tearDown(org.testng.ITestResult)[pri:0, instance:tests.AuthTests@4c402120]" started-at="2026-04-30T13:32:52 WIB" name="tearDown" finished-at="2026-04-30T13:32:52 WIB" duration-ms="141" status="PASS">
          <params>
            <param index="0">
              <value>
                <![CDATA[[TestResult name=TC014_LoginFailedEmptyPassword status=SUCCESS method=AuthTests.TC014_LoginFailedEmptyPassword()[pri:0, instance:tests.AuthTests@4c402120] output={null}]]]>
              </value>
            </param>
          </params>
          <reporter-output>
          </reporter-output>
        </test-method> <!-- tearDown -->
        <test-method is-config="true" signature="setUp(java.lang.reflect.Method)[pri:0, instance:tests.AuthTests@4c402120]" started-at="2026-04-30T13:32:52 WIB" name="setUp" finished-at="2026-04-30T13:32:56 WIB" duration-ms="4307" status="PASS">
          <params>
            <param index="0">
              <value>
                <![CDATA[public void tests.AuthTests.TC015_LoginFailedEmptyCredentials()]]>
              </value>
            </param>
          </params>
          <reporter-output>
          </reporter-output>
        </test-method> <!-- setUp -->
        <test-method signature="TC015_LoginFailedEmptyCredentials()[pri:0, instance:tests.AuthTests@4c402120]" started-at="2026-04-30T13:32:56 WIB" name="TC015_LoginFailedEmptyCredentials" finished-at="2026-04-30T13:32:58 WIB" duration-ms="1569" status="PASS">
          <reporter-output>
          </reporter-output>
        </test-method> <!-- TC015_LoginFailedEmptyCredentials -->
        <test-method is-config="true" signature="tearDown(org.testng.ITestResult)[pri:0, instance:tests.AuthTests@4c402120]" started-at="2026-04-30T13:32:58 WIB" name="tearDown" finished-at="2026-04-30T13:32:58 WIB" duration-ms="129" status="PASS">
          <params>
            <param index="0">
              <value>
                <![CDATA[[TestResult name=TC015_LoginFailedEmptyCredentials status=SUCCESS method=AuthTests.TC015_LoginFailedEmptyCredentials()[pri:0, instance:tests.AuthTests@4c402120] output={null}]]]>
              </value>
            </param>
          </params>
          <reporter-output>
          </reporter-output>
        </test-method> <!-- tearDown -->
        <test-method is-config="true" signature="tearDownReport()[pri:0, instance:tests.AuthTests@4c402120]" started-at="2026-04-30T13:32:58 WIB" name="tearDownReport" finished-at="2026-04-30T13:32:58 WIB" duration-ms="194" status="PASS">
          <reporter-output>
          </reporter-output>
        </test-method> <!-- tearDownReport -->
      </class> <!-- tests.AuthTests -->
    </test> <!-- Default test -->
  </suite> <!-- Default suite -->
</testng-results>
