<?xml version="1.0" encoding="UTF-8"?>
<testng-results ignored="2" total="3" passed="1" failed="0" skipped="0">
  <reporter-output>
  </reporter-output>
  <suite started-at="2026-04-30T15:11:30 WIB" name="Default suite" finished-at="2026-04-30T15:11:37 WIB" duration-ms="7332">
    <groups>
    </groups>
    <test started-at="2026-04-30T15:11:30 WIB" name="Default test" finished-at="2026-04-30T15:11:37 WIB" duration-ms="7332">
      <class name="tests.HistoryTests">
        <test-method is-config="true" signature="setUpReport()[pri:0, instance:tests.HistoryTests@6025e1b6]" started-at="2026-04-30T15:11:30 WIB" name="setUpReport" finished-at="2026-04-30T15:11:30 WIB" duration-ms="168" status="PASS">
          <reporter-output>
          </reporter-output>
        </test-method> <!-- setUpReport -->
        <test-method is-config="true" signature="setUp(java.lang.reflect.Method)[pri:0, instance:tests.HistoryTests@6025e1b6]" started-at="2026-04-30T15:11:30 WIB" name="setUp" finished-at="2026-04-30T15:11:34 WIB" duration-ms="4585" status="PASS">
          <params>
            <param index="0">
              <value>
                <![CDATA[public void tests.HistoryTests.TC025_OpenHomePageViaHistoryPage()]]>
              </value>
            </param>
          </params>
          <reporter-output>
          </reporter-output>
        </test-method> <!-- setUp -->
        <test-method signature="TC025_OpenHomePageViaHistoryPage()[pri:0, instance:tests.HistoryTests@6025e1b6]" started-at="2026-04-30T15:11:34 WIB" name="TC025_OpenHomePageViaHistoryPage" finished-at="2026-04-30T15:11:37 WIB" duration-ms="2612" status="PASS">
          <reporter-output>
          </reporter-output>
        </test-method> <!-- TC025_OpenHomePageViaHistoryPage -->
        <test-method is-config="true" signature="tearDown(org.testng.ITestResult)[pri:0, instance:tests.HistoryTests@6025e1b6]" started-at="2026-04-30T15:11:37 WIB" name="tearDown" finished-at="2026-04-30T15:11:37 WIB" duration-ms="110" status="PASS">
          <params>
            <param index="0">
              <value>
                <![CDATA[[TestResult name=TC025_OpenHomePageViaHistoryPage status=SUCCESS method=HistoryTests.TC025_OpenHomePageViaHistoryPage()[pri:0, instance:tests.HistoryTests@6025e1b6] output={null}]]]>
              </value>
            </param>
          </params>
          <reporter-output>
          </reporter-output>
        </test-method> <!-- tearDown -->
        <test-method is-config="true" signature="tearDownReport()[pri:0, instance:tests.HistoryTests@6025e1b6]" started-at="2026-04-30T15:11:37 WIB" name="tearDownReport" finished-at="2026-04-30T15:11:37 WIB" duration-ms="209" status="PASS">
          <reporter-output>
          </reporter-output>
        </test-method> <!-- tearDownReport -->
      </class> <!-- tests.HistoryTests -->
    </test> <!-- Default test -->
  </suite> <!-- Default suite -->
</testng-results>
