<?xml version="1.0" encoding="UTF-8"?>
<!-- Generated by org.testng.reporters.JUnitReportReporter -->
<testsuite hostname="CahayoyoPC" failures="0" tests="4" name="tests.HomeTests" time="57.943" errors="0" timestamp="2026-04-29T13:54:39 WIB" skipped="0">
  <testcase classname="tests.HomeTests" name="TC004_OpeningCuraDribbble" time="4.366"/>
  <testcase classname="tests.HomeTests" name="TC001_VerifyHomePage" time="4.574"/>
  <testcase classname="tests.HomeTests" name="TC003_OpeningCuraTwitter" time="44.569"/>
  <testcase classname="tests.HomeTests" name="TC002_OpeningCuraFacebook" time="4.434"/>
</testsuite> <!-- tests.HomeTests -->
