<?xml version="1.0" encoding="UTF-8"?>
<!-- Generated by org.testng.reporters.JUnitReportReporter -->
<testsuite hostname="CahayoyoPC" failures="0" tests="2" name="tests.DropDownTests" time="10.168" errors="0" timestamp="2026-04-29T14:21:40 WIB" skipped="0">
  <testcase classname="tests.DropDownTests" name="TC005_OpenCURAHomeViaCURAHealthCareButton" time="4.610"/>
  <testcase classname="tests.DropDownTests" name="TC006_OpenCURAHomeViaHomeButton" time="5.558"/>
</testsuite> <!-- tests.DropDownTests -->
