<?xml version="1.0" encoding="UTF-8"?>
<!-- Generated by org.testng.reporters.JUnitReportReporter -->
<testsuite hostname="CahayoyoPC" failures="0" tests="5" name="tests.DropDownTests" time="43.211" errors="0" timestamp="2026-04-30T12:46:09 WIB" skipped="0">
  <testcase classname="tests.DropDownTests" name="TC007_OpenLoginViaLoginButton" time="4.634"/>
  <testcase classname="tests.DropDownTests" name="TC005_OpenCURAHomeViaCURAHealthCareButton" time="4.788"/>
  <testcase classname="tests.DropDownTests" name="TC023_OpenHistoryViaHistoryButton" time="11.958"/>
  <testcase classname="tests.DropDownTests" name="TC006_OpenCURAHomeViaHomeButton" time="13.061"/>
  <testcase classname="tests.DropDownTests" name="TC024_OpenProfileViaProfileButton" time="8.770"/>
</testsuite> <!-- tests.DropDownTests -->
