<?xml version="1.0" encoding="UTF-8"?>
<!-- Generated by org.testng.reporters.JUnitReportReporter -->
<testsuite hostname="CahayoyoPC" failures="0" tests="8" name="tests.AuthTests" time="46.981" errors="0" timestamp="2026-04-30T13:32:58 WIB" skipped="0">
  <testcase classname="tests.AuthTests" name="TC010_LogoutSuccess" time="6.791"/>
  <testcase classname="tests.AuthTests" name="TC013_LoginFailedEmptyUsername" time="6.072"/>
  <testcase classname="tests.AuthTests" name="TC011_LoginFailedWrongUsername" time="5.781"/>
  <testcase classname="tests.AuthTests" name="TC008_VerifyLoginPage" time="5.551"/>
  <testcase classname="tests.AuthTests" name="TC014_LoginFailedEmptyPassword" time="5.711"/>
  <testcase classname="tests.AuthTests" name="TC012_LoginFailedWrongPassword" time="5.645"/>
  <testcase classname="tests.AuthTests" name="TC009_LoginSuccess" time="5.454"/>
  <testcase classname="tests.AuthTests" name="TC015_LoginFailedEmptyCredentials" time="5.976"/>
</testsuite> <!-- tests.AuthTests -->
