<?xml version="1.0" encoding="UTF-8"?>
<!-- Generated by org.testng.reporters.JUnitReportReporter -->
<testsuite hostname="CahayoyoPC" failures="0" tests="4" name="tests.HomeTests" time="24.861" errors="0" timestamp="2026-04-29T18:26:17 WIB" skipped="0">
  <testcase classname="tests.HomeTests" name="TC002_OpeningCuraFacebook" time="12.028"/>
  <testcase classname="tests.HomeTests" name="TC004_OpeningCuraDribbble" time="4.400"/>
  <testcase classname="tests.HomeTests" name="TC003_OpeningCuraTwitter" time="4.152"/>
  <testcase classname="tests.HomeTests" name="TC001_VerifyHomePage" time="4.281"/>
</testsuite> <!-- tests.HomeTests -->
