<?xml version="1.0" encoding="UTF-8"?>
<!-- Generated by org.testng.reporters.JUnitReportReporter -->
<testsuite hostname="CahayoyoPC" failures="0" tests="8" name="tests.AuthTests" time="47.230" errors="0" timestamp="2026-04-30T13:56:03 WIB" skipped="0">
  <testcase classname="tests.AuthTests" name="TC009_LoginSuccess" time="6.013"/>
  <testcase classname="tests.AuthTests" name="TC011_LoginFailedWrongUsername" time="5.223"/>
  <testcase classname="tests.AuthTests" name="TC010_LogoutSuccess" time="6.666"/>
  <testcase classname="tests.AuthTests" name="TC014_LoginFailedEmptyPassword" time="6.111"/>
  <testcase classname="tests.AuthTests" name="TC015_LoginFailedEmptyCredentials" time="6.339"/>
  <testcase classname="tests.AuthTests" name="TC008_VerifyLoginPage" time="5.120"/>
  <testcase classname="tests.AuthTests" name="TC012_LoginFailedWrongPassword" time="5.546"/>
  <testcase classname="tests.AuthTests" name="TC013_LoginFailedEmptyUsername" time="6.212"/>
</testsuite> <!-- tests.AuthTests -->
