<?xml version="1.0" encoding="UTF-8"?>
<!-- Generated by org.testng.reporters.JUnitReportReporter -->
<testsuite hostname="CahayoyoPC" failures="0" tests="5" name="tests.DropDownTests" time="31.036" errors="0" timestamp="2026-05-06T17:48:11 WIB" skipped="0">
  <testcase classname="tests.DropDownTests" name="TC005_OpenCURAHomeViaCURAHealthCareButton" time="5.068"/>
  <testcase classname="tests.DropDownTests" name="TC023_OpenHistoryViaHistoryButton" time="8.183"/>
  <testcase classname="tests.DropDownTests" name="TC007_OpenLoginViaLoginButton" time="5.960"/>
  <testcase classname="tests.DropDownTests" name="TC006_OpenCURAHomeViaHomeButton" time="5.122"/>
  <testcase classname="tests.DropDownTests" name="TC024_OpenProfileViaProfileButton" time="6.703"/>
</testsuite> <!-- tests.DropDownTests -->
