<?xml version="1.0" encoding="UTF-8"?>
<!-- Generated by org.testng.reporters.JUnitReportReporter -->
<testsuite hostname="CahayoyoPC" failures="0" tests="5" name="tests.DropDownTests" time="25.484" errors="0" timestamp="2026-04-30T10:43:27 WIB" skipped="0">
  <testcase classname="tests.DropDownTests" name="TC023_OpenHistoryViaHistoryButton" time="5.917"/>
  <testcase classname="tests.DropDownTests" name="TC024_OpenProfileViaProfileButton" time="5.837"/>
  <testcase classname="tests.DropDownTests" name="TC007_OpenLoginViaLoginButton" time="4.619"/>
  <testcase classname="tests.DropDownTests" name="TC005_OpenCURAHomeViaCURAHealthCareButton" time="4.257"/>
  <testcase classname="tests.DropDownTests" name="TC006_OpenCURAHomeViaHomeButton" time="4.854"/>
</testsuite> <!-- tests.DropDownTests -->
