<?xml version="1.0" encoding="UTF-8"?>
<!-- Generated by org.testng.reporters.JUnitReportReporter -->
<testsuite hostname="CahayoyoPC" failures="0" tests="4" name="tests.HomeTests" time="17.312" errors="0" timestamp="2026-04-29T15:03:06 WIB" skipped="0">
  <testcase classname="tests.HomeTests" name="TC001_VerifyHomePage" time="4.154"/>
  <testcase classname="tests.HomeTests" name="TC003_OpeningCuraTwitter" time="4.544"/>
  <testcase classname="tests.HomeTests" name="TC002_OpeningCuraFacebook" time="4.463"/>
  <testcase classname="tests.HomeTests" name="TC004_OpeningCuraDribbble" time="4.151"/>
</testsuite> <!-- tests.HomeTests -->
