<?xml version="1.0" encoding="UTF-8"?>
<!-- Generated by org.testng.reporters.JUnitReportReporter -->
<testsuite hostname="CahayoyoPC" failures="0" tests="4" name="tests.HomeTests" time="17.801" errors="0" timestamp="2026-04-29T13:51:16 WIB" skipped="0">
  <testcase classname="tests.HomeTests" name="TC001_VerifyHomePage" time="4.476"/>
  <testcase classname="tests.HomeTests" name="TC002_OpeningCuraFacebook" time="4.594"/>
  <testcase classname="tests.HomeTests" name="TC003_OpeningCuraTwitter" time="4.433"/>
  <testcase classname="tests.HomeTests" name="TC004_OpeningCuraDribbble" time="4.298"/>
</testsuite> <!-- tests.HomeTests -->
