<?xml version="1.0" encoding="UTF-8"?>
<!-- Generated by org.testng.reporters.JUnitReportReporter -->
<testsuite hostname="CahayoyoPC" failures="0" tests="8" name="tests.AuthTests" time="45.492" errors="0" timestamp="2026-04-30T13:53:24 WIB" skipped="0">
  <testcase classname="tests.AuthTests" name="TC015_LoginFailedEmptyCredentials" time="5.431"/>
  <testcase classname="tests.AuthTests" name="TC009_LoginSuccess" time="5.528"/>
  <testcase classname="tests.AuthTests" name="TC013_LoginFailedEmptyUsername" time="5.903"/>
  <testcase classname="tests.AuthTests" name="TC010_LogoutSuccess" time="6.339"/>
  <testcase classname="tests.AuthTests" name="TC011_LoginFailedWrongUsername" time="5.387"/>
  <testcase classname="tests.AuthTests" name="TC012_LoginFailedWrongPassword" time="5.426"/>
  <testcase classname="tests.AuthTests" name="TC014_LoginFailedEmptyPassword" time="5.729"/>
  <testcase classname="tests.AuthTests" name="TC008_VerifyLoginPage" time="5.749"/>
</testsuite> <!-- tests.AuthTests -->
