<?xml version="1.0" encoding="UTF-8"?>
<!-- Generated by org.testng.reporters.JUnitReportReporter -->
<testsuite hostname="CahayoyoPC" failures="0" tests="8" name="tests.AuthTests" time="47.197" errors="0" timestamp="2026-04-30T15:15:22 WIB" skipped="0">
  <testcase classname="tests.AuthTests" name="TC011_LoginFailedWrongUsername" time="6.127"/>
  <testcase classname="tests.AuthTests" name="TC014_LoginFailedEmptyPassword" time="6.433"/>
  <testcase classname="tests.AuthTests" name="TC009_LoginSuccess" time="5.519"/>
  <testcase classname="tests.AuthTests" name="TC010_LogoutSuccess" time="6.201"/>
  <testcase classname="tests.AuthTests" name="TC015_LoginFailedEmptyCredentials" time="5.843"/>
  <testcase classname="tests.AuthTests" name="TC012_LoginFailedWrongPassword" time="6.100"/>
  <testcase classname="tests.AuthTests" name="TC008_VerifyLoginPage" time="4.723"/>
  <testcase classname="tests.AuthTests" name="TC013_LoginFailedEmptyUsername" time="6.251"/>
</testsuite> <!-- tests.AuthTests -->
